/home/eliasd/lensing/pyrofit-lensing-analysis/experiments/swyft_masses_2/scripts
Store does not exist!
Traceback (most recent call last):
  File "/home/eliasd/lensing/pyrofit-lensing-analysis/experiments/swyft_masses_2/scripts/create_store.py", line 69, in <module>
    run()
  File "/home/eliasd/.pyenv/versions/lens-3.9.7/lib/python3.9/site-packages/click/core.py", line 1137, in __call__
    return self.main(*args, **kwargs)
  File "/home/eliasd/.pyenv/versions/lens-3.9.7/lib/python3.9/site-packages/click/core.py", line 1062, in main
    rv = self.invoke(ctx)
  File "/home/eliasd/.pyenv/versions/lens-3.9.7/lib/python3.9/site-packages/click/core.py", line 1404, in invoke
    return ctx.invoke(self.callback, **ctx.params)
  File "/home/eliasd/.pyenv/versions/lens-3.9.7/lib/python3.9/site-packages/click/core.py", line 763, in invoke
    return __callback(*args, **kwargs)
  File "/home/eliasd/lensing/pyrofit-lensing-analysis/experiments/swyft_masses_2/scripts/create_store.py", line 39, in run
    config = get_config(system_name, str(nsub), str(m))
  File "/home/eliasd/lensing/pyrofit-lensing-analysis/experiments/swyft_masses_2/scripts/utils.py", line 51, in get_config
    config = load_config(f'../configs/config_nsub{nsub}_m{m}.yaml', base_dir=SOURCE_DIR)
  File "/home/eliasd/lensing/clipppy/src/clipppy/_clipppy.py", line 30, in load_config
    return load(*args, scope=determine_scope(kwargs.pop('scope', None)), interpret_as_Clipppy=True, **kwargs)
  File "/home/eliasd/lensing/clipppy/src/clipppy/_clipppy.py", line 20, in load
    return (ClipppyYAML(base_dir=base_dir, interpret_as_Clipppy=interpret_as_Clipppy)
  File "/home/eliasd/lensing/clipppy/src/clipppy/yaml/__init__.py", line 88, in load
    stream = is_a_stream and path_or_stream or path.open('r')
  File "/home/eliasd/.pyenv/versions/3.9.7/lib/python3.9/pathlib.py", line 1252, in open
    return io.open(self, mode, buffering, encoding, errors, newline,
  File "/home/eliasd/.pyenv/versions/3.9.7/lib/python3.9/pathlib.py", line 1120, in _opener
    return self._accessor.open(self, flags, mode)
FileNotFoundError: [Errno 2] No such file or directory: '../configs/config_nsub1_m1.yaml'
