[pyKeOps] Initializing build folder for dtype=float32 and lang=torch in /home/eliasd/.cache/pykeops-1.5-cpython-39-gpu0 ... CMake Warning (dev) at /home/eliasd/.pyenv/versions/lens-3.9.7/lib/python3.9/site-packages/pykeops/keops/cuda.cmake:98 (find_package):
  Policy CMP0074 is not set: find_package uses <PackageName>_ROOT variables.
  Run "cmake --help-policy CMP0074" for policy details.  Use the cmake_policy
  command to set the policy and suppress this warning.

  Environment variable CUDA_ROOT is set to:

    /sw/arch/Debian10/EB_production/2019/software/CUDA/10.1.243

  For compatibility, CMake is ignoring the variable.
Call Stack (most recent call first):
  CMakeLists.txt:29 (include)
This warning is for project developers.  Use -Wno-dev to suppress it.

done.
[pyKeOps] Compiling libKeOpstorchfb6f33d170 in /home/eliasd/.cache/pykeops-1.5-cpython-39-gpu0:
       formula: Sum_Reduction(((((Var(0,1,1) * (Var(11,1,2) * ((Square(Var(1,1,1)) / Square((Square(Var(1,1,1)) + IntCst(1)))) * ((((((Square(Var(1,1,1)) + (IntCst(2) * Square((Sqrt(Sum(Square((Var(2,2,0) - Var(3,2,1))))) / Var(4,1,1))))) - IntCst(1)) * IfElse(Minus(Abs((Square((Sqrt(Sum(Square((Var(2,2,0) - Var(3,2,1))))) / Var(4,1,1))) - IntCst(1)))), Var(5,1,2), (IfElse((Square((Sqrt(Sum(Square((Var(2,2,0) - Var(3,2,1))))) / Var(4,1,1))) - IntCst(1)), Acos(Inv(((Sqrt(Sum(Square((Var(2,2,0) - Var(3,2,1))))) / Var(4,1,1)) + Var(6,1,2)))), Log((Inv(((Sqrt(Sum(Square((Var(2,2,0) - Var(3,2,1))))) / Var(4,1,1)) + Var(7,1,2))) + Sqrt((Square(Inv(((Sqrt(Sum(Square((Var(2,2,0) - Var(3,2,1))))) / Var(4,1,1)) + Var(7,1,2)))) - IntCst(1)))))) / Sqrt(Abs((Square((Sqrt(Sum(Square((Var(2,2,0) - Var(3,2,1))))) / Var(4,1,1))) - IntCst(1))))))) + (Var(8,1,2) * Var(1,1,1))) + ((Square(Var(1,1,1)) - IntCst(1)) * Log(Var(1,1,1)))) + (Sqrt((Square((Sqrt(Sum(Square((Var(2,2,0) - Var(3,2,1))))) / Var(4,1,1))) + Square(Var(1,1,1)))) * ((((Square(Var(1,1,1)) - IntCst(1)) / Var(1,1,1)) * Log((((Sqrt(Sum(Square((Var(2,2,0) - Var(3,2,1))))) / Var(4,1,1)) + Var(9,1,2)) / (Sqrt((Square((Sqrt(Sum(Square((Var(2,2,0) - Var(3,2,1))))) / Var(4,1,1))) + Square(Var(1,1,1)))) + Var(1,1,1))))) - Var(10,1,2))))))) / Var(12,1,2)) / Square(((Sqrt(Sum(Square((Var(2,2,0) - Var(3,2,1))))) / Var(4,1,1)) + Var(13,1,2)))) * (Var(2,2,0) - Var(3,2,1))),0)
       aliases: Var(0,1,1); Var(1,1,1); Var(2,2,0); Var(3,2,1); Var(4,1,1); Var(5,1,2); Var(6,1,2); Var(7,1,2); Var(8,1,2); Var(9,1,2); Var(10,1,2); Var(11,1,2); Var(12,1,2); Var(13,1,2); 
       dtype  : float32
... 
[pyKeOps] Compiling pybind11 template libKeOps_template_cf399cbdcd in /home/eliasd/.cache/pykeops-1.5-cpython-39-gpu0 ... CMake Warning (dev) at /home/eliasd/.pyenv/versions/lens-3.9.7/lib/python3.9/site-packages/pykeops/keops/cuda.cmake:98 (find_package):
  Policy CMP0074 is not set: find_package uses <PackageName>_ROOT variables.
  Run "cmake --help-policy CMP0074" for policy details.  Use the cmake_policy
  command to set the policy and suppress this warning.

  Environment variable CUDA_ROOT is set to:

    /sw/arch/Debian10/EB_production/2019/software/CUDA/10.1.243

  For compatibility, CMake is ignoring the variable.
Call Stack (most recent call first):
  CMakeLists.txt:27 (include)
This warning is for project developers.  Use -Wno-dev to suppress it.

done.
Done.
nsub = 5
['x_1', 'y_1', 'x_2', 'y_2', 'x_3', 'y_3', 'x_4', 'y_4', 'x_5', 'y_5']
Creating new store.
Store: Adding 100 new samples to simulator store.
L = 40
Training UNet_lr-5.0_fac-1.75_pat4.pt!
Training: lr=1e-05, Epoch=1, VL=2219Training: lr=1e-05, Epoch=2, VL=2219Training: lr=1e-05, Epoch=3, VL=2220
Done!
